#! /usr/bin/vvp
:ivl_version "10.1 (stable)";
:ivl_delay_selection "TYPICAL";
:vpi_time_precision - 13;
:vpi_module "system";
:vpi_module "vhdl_sys";
:vpi_module "v2005_math";
:vpi_module "va_math";
S_0x56537157ae60 .scope module, "instrmemstimulous" "instrmemstimulous" 2 55;
 .timescale -12 -13;
v0x56537159e8f0_0 .var "addr", 31 0;
v0x56537159e9b0_0 .net "instr", 31 0, L_0x5653715a3bb0;  1 drivers
S_0x56537157afe0 .scope module, "instructionmemory" "InstructionMem" 2 60, 2 2 0, S_0x56537157ae60;
 .timescale -12 -13;
    .port_info 0 /OUTPUT 32 "instruction"
    .port_info 1 /INPUT 32 "address"
L_0x56537159ea80/d .functor BUF 1, L_0x56537159eba0, C4<0>, C4<0>, C4<0>;
L_0x56537159ea80 .delay 1 (10000,10000,10000) L_0x56537159ea80/d;
L_0x56537159ec90/d .functor BUF 1, L_0x56537159ee00, C4<0>, C4<0>, C4<0>;
L_0x56537159ec90 .delay 1 (10000,10000,10000) L_0x56537159ec90/d;
L_0x56537159ef40/d .functor BUF 1, L_0x56537159f050, C4<0>, C4<0>, C4<0>;
L_0x56537159ef40 .delay 1 (10000,10000,10000) L_0x56537159ef40/d;
L_0x56537159f140/d .functor BUF 1, L_0x56537159f2b0, C4<0>, C4<0>, C4<0>;
L_0x56537159f140 .delay 1 (10000,10000,10000) L_0x56537159f140/d;
L_0x56537159f3d0/d .functor BUF 1, L_0x56537159f4c0, C4<0>, C4<0>, C4<0>;
L_0x56537159f3d0 .delay 1 (10000,10000,10000) L_0x56537159f3d0/d;
L_0x56537159f5b0/d .functor BUF 1, L_0x56537159f730, C4<0>, C4<0>, C4<0>;
L_0x56537159f5b0 .delay 1 (10000,10000,10000) L_0x56537159f5b0/d;
L_0x56537159f860/d .functor BUF 1, L_0x56537159f970, C4<0>, C4<0>, C4<0>;
L_0x56537159f860 .delay 1 (10000,10000,10000) L_0x56537159f860/d;
L_0x56537159fa60/d .functor BUF 1, L_0x56537159fbc0, C4<0>, C4<0>, C4<0>;
L_0x56537159fa60 .delay 1 (10000,10000,10000) L_0x56537159fa60/d;
L_0x56537159fd00/d .functor BUF 1, L_0x56537159fe40, C4<0>, C4<0>, C4<0>;
L_0x56537159fd00 .delay 1 (10000,10000,10000) L_0x56537159fd00/d;
L_0x56537159ff30/d .functor BUF 1, L_0x5653715a00d0, C4<0>, C4<0>, C4<0>;
L_0x56537159ff30 .delay 1 (10000,10000,10000) L_0x56537159ff30/d;
L_0x5653715a01d0/d .functor BUF 1, L_0x5653715a02c0, C4<0>, C4<0>, C4<0>;
L_0x5653715a01d0 .delay 1 (10000,10000,10000) L_0x5653715a01d0/d;
L_0x5653715a03b0/d .functor BUF 1, L_0x5653715a0560, C4<0>, C4<0>, C4<0>;
L_0x5653715a03b0 .delay 1 (10000,10000,10000) L_0x5653715a03b0/d;
L_0x5653715a06c0/d .functor BUF 1, L_0x5653715a0800, C4<0>, C4<0>, C4<0>;
L_0x5653715a06c0 .delay 1 (10000,10000,10000) L_0x5653715a06c0/d;
L_0x5653715a08f0/d .functor BUF 1, L_0x5653715a0ab0, C4<0>, C4<0>, C4<0>;
L_0x5653715a08f0 .delay 1 (10000,10000,10000) L_0x5653715a08f0/d;
L_0x5653715a0650/d .functor BUF 1, L_0x5653715a0cf0, C4<0>, C4<0>, C4<0>;
L_0x5653715a0650 .delay 1 (10000,10000,10000) L_0x5653715a0650/d;
L_0x5653715a04f0/d .functor BUF 1, L_0x5653715a0f40, C4<0>, C4<0>, C4<0>;
L_0x5653715a04f0 .delay 1 (10000,10000,10000) L_0x5653715a04f0/d;
L_0x5653715a10c0/d .functor BUF 1, L_0x5653715a1200, C4<0>, C4<0>, C4<0>;
L_0x5653715a10c0 .delay 1 (10000,10000,10000) L_0x5653715a10c0/d;
L_0x5653715a12f0/d .functor BUF 1, L_0x5653715a14d0, C4<0>, C4<0>, C4<0>;
L_0x5653715a12f0 .delay 1 (10000,10000,10000) L_0x5653715a12f0/d;
L_0x5653715a1660/d .functor BUF 1, L_0x5653715a17a0, C4<0>, C4<0>, C4<0>;
L_0x5653715a1660 .delay 1 (10000,10000,10000) L_0x5653715a1660/d;
L_0x5653715a1890/d .functor BUF 1, L_0x5653715a1430, C4<0>, C4<0>, C4<0>;
L_0x5653715a1890 .delay 1 (10000,10000,10000) L_0x5653715a1890/d;
L_0x5653715a1b80/d .functor BUF 1, L_0x5653715a15c0, C4<0>, C4<0>, C4<0>;
L_0x5653715a1b80 .delay 1 (10000,10000,10000) L_0x5653715a1b80/d;
L_0x5653715a1d10/d .functor BUF 1, L_0x5653715a1f10, C4<0>, C4<0>, C4<0>;
L_0x5653715a1d10 .delay 1 (10000,10000,10000) L_0x5653715a1d10/d;
L_0x5653715a20c0/d .functor BUF 1, L_0x5653715a2200, C4<0>, C4<0>, C4<0>;
L_0x5653715a20c0 .delay 1 (10000,10000,10000) L_0x5653715a20c0/d;
L_0x5653715a22f0/d .functor BUF 1, L_0x5653715a2500, C4<0>, C4<0>, C4<0>;
L_0x5653715a22f0 .delay 1 (10000,10000,10000) L_0x5653715a22f0/d;
L_0x5653715a26c0/d .functor BUF 1, L_0x5653715a2800, C4<0>, C4<0>, C4<0>;
L_0x5653715a26c0 .delay 1 (10000,10000,10000) L_0x5653715a26c0/d;
L_0x5653715a28f0/d .functor BUF 1, L_0x5653715a2b10, C4<0>, C4<0>, C4<0>;
L_0x5653715a28f0 .delay 1 (10000,10000,10000) L_0x5653715a28f0/d;
L_0x5653715a2ce0/d .functor BUF 1, L_0x5653715a2e20, C4<0>, C4<0>, C4<0>;
L_0x5653715a2ce0 .delay 1 (10000,10000,10000) L_0x5653715a2ce0/d;
L_0x5653715a2f10/d .functor BUF 1, L_0x5653715a3140, C4<0>, C4<0>, C4<0>;
L_0x5653715a2f10 .delay 1 (10000,10000,10000) L_0x5653715a2f10/d;
L_0x5653715a3320/d .functor BUF 1, L_0x5653715a3460, C4<0>, C4<0>, C4<0>;
L_0x5653715a3320 .delay 1 (10000,10000,10000) L_0x5653715a3320/d;
L_0x5653715a3550/d .functor BUF 1, L_0x5653715a3790, C4<0>, C4<0>, C4<0>;
L_0x5653715a3550 .delay 1 (10000,10000,10000) L_0x5653715a3550/d;
L_0x5653715a3980/d .functor BUF 1, L_0x5653715a3ac0, C4<0>, C4<0>, C4<0>;
L_0x5653715a3980 .delay 1 (10000,10000,10000) L_0x5653715a3980/d;
L_0x5653715a4760/d .functor BUF 1, L_0x5653715a49d0, C4<0>, C4<0>, C4<0>;
L_0x5653715a4760 .delay 1 (10000,10000,10000) L_0x5653715a4760/d;
v0x565371575690_0 .net *"_s0", 0 0, L_0x56537159ea80;  1 drivers
v0x565371569750_0 .net *"_s100", 0 0, L_0x5653715a28f0;  1 drivers
v0x565371568dc0_0 .net *"_s103", 0 0, L_0x5653715a2b10;  1 drivers
v0x565371568430_0 .net *"_s104", 0 0, L_0x5653715a2ce0;  1 drivers
v0x565371567aa0_0 .net *"_s107", 0 0, L_0x5653715a2e20;  1 drivers
v0x5653715671a0_0 .net *"_s108", 0 0, L_0x5653715a2f10;  1 drivers
v0x5653715666a0_0 .net *"_s11", 0 0, L_0x56537159f050;  1 drivers
v0x56537159af40_0 .net *"_s111", 0 0, L_0x5653715a3140;  1 drivers
v0x56537159b020_0 .net *"_s112", 0 0, L_0x5653715a3320;  1 drivers
v0x56537159b100_0 .net *"_s115", 0 0, L_0x5653715a3460;  1 drivers
v0x56537159b1e0_0 .net *"_s116", 0 0, L_0x5653715a3550;  1 drivers
v0x56537159b2c0_0 .net *"_s119", 0 0, L_0x5653715a3790;  1 drivers
v0x56537159b3a0_0 .net *"_s12", 0 0, L_0x56537159f140;  1 drivers
v0x56537159b480_0 .net *"_s120", 0 0, L_0x5653715a3980;  1 drivers
v0x56537159b560_0 .net *"_s123", 0 0, L_0x5653715a3ac0;  1 drivers
v0x56537159b640_0 .net *"_s124", 0 0, L_0x5653715a4760;  1 drivers
v0x56537159b720_0 .net *"_s128", 0 0, L_0x5653715a49d0;  1 drivers
v0x56537159b800_0 .net *"_s15", 0 0, L_0x56537159f2b0;  1 drivers
v0x56537159b8e0_0 .net *"_s16", 0 0, L_0x56537159f3d0;  1 drivers
v0x56537159b9c0_0 .net *"_s19", 0 0, L_0x56537159f4c0;  1 drivers
v0x56537159baa0_0 .net *"_s20", 0 0, L_0x56537159f5b0;  1 drivers
v0x56537159bb80_0 .net *"_s23", 0 0, L_0x56537159f730;  1 drivers
v0x56537159bc60_0 .net *"_s24", 0 0, L_0x56537159f860;  1 drivers
v0x56537159bd40_0 .net *"_s27", 0 0, L_0x56537159f970;  1 drivers
v0x56537159be20_0 .net *"_s28", 0 0, L_0x56537159fa60;  1 drivers
v0x56537159bf00_0 .net *"_s3", 0 0, L_0x56537159eba0;  1 drivers
v0x56537159bfe0_0 .net *"_s31", 0 0, L_0x56537159fbc0;  1 drivers
v0x56537159c0c0_0 .net *"_s32", 0 0, L_0x56537159fd00;  1 drivers
v0x56537159c1a0_0 .net *"_s35", 0 0, L_0x56537159fe40;  1 drivers
v0x56537159c280_0 .net *"_s36", 0 0, L_0x56537159ff30;  1 drivers
v0x56537159c360_0 .net *"_s39", 0 0, L_0x5653715a00d0;  1 drivers
v0x56537159c440_0 .net *"_s4", 0 0, L_0x56537159ec90;  1 drivers
v0x56537159c520_0 .net *"_s40", 0 0, L_0x5653715a01d0;  1 drivers
v0x56537159c600_0 .net *"_s43", 0 0, L_0x5653715a02c0;  1 drivers
v0x56537159c6e0_0 .net *"_s44", 0 0, L_0x5653715a03b0;  1 drivers
v0x56537159c7c0_0 .net *"_s47", 0 0, L_0x5653715a0560;  1 drivers
v0x56537159c8a0_0 .net *"_s48", 0 0, L_0x5653715a06c0;  1 drivers
v0x56537159c980_0 .net *"_s51", 0 0, L_0x5653715a0800;  1 drivers
v0x56537159ca60_0 .net *"_s52", 0 0, L_0x5653715a08f0;  1 drivers
v0x56537159cb40_0 .net *"_s55", 0 0, L_0x5653715a0ab0;  1 drivers
v0x56537159cc20_0 .net *"_s56", 0 0, L_0x5653715a0650;  1 drivers
v0x56537159cd00_0 .net *"_s59", 0 0, L_0x5653715a0cf0;  1 drivers
v0x56537159cde0_0 .net *"_s60", 0 0, L_0x5653715a04f0;  1 drivers
v0x56537159cec0_0 .net *"_s63", 0 0, L_0x5653715a0f40;  1 drivers
v0x56537159cfa0_0 .net *"_s64", 0 0, L_0x5653715a10c0;  1 drivers
v0x56537159d080_0 .net *"_s67", 0 0, L_0x5653715a1200;  1 drivers
v0x56537159d160_0 .net *"_s68", 0 0, L_0x5653715a12f0;  1 drivers
v0x56537159d240_0 .net *"_s7", 0 0, L_0x56537159ee00;  1 drivers
v0x56537159d320_0 .net *"_s71", 0 0, L_0x5653715a14d0;  1 drivers
v0x56537159d400_0 .net *"_s72", 0 0, L_0x5653715a1660;  1 drivers
v0x56537159d4e0_0 .net *"_s75", 0 0, L_0x5653715a17a0;  1 drivers
v0x56537159d5c0_0 .net *"_s76", 0 0, L_0x5653715a1890;  1 drivers
v0x56537159d6a0_0 .net *"_s79", 0 0, L_0x5653715a1430;  1 drivers
v0x56537159d780_0 .net *"_s8", 0 0, L_0x56537159ef40;  1 drivers
v0x56537159d860_0 .net *"_s80", 0 0, L_0x5653715a1b80;  1 drivers
v0x56537159d940_0 .net *"_s83", 0 0, L_0x5653715a15c0;  1 drivers
v0x56537159da20_0 .net *"_s84", 0 0, L_0x5653715a1d10;  1 drivers
v0x56537159db00_0 .net *"_s87", 0 0, L_0x5653715a1f10;  1 drivers
v0x56537159dbe0_0 .net *"_s88", 0 0, L_0x5653715a20c0;  1 drivers
v0x56537159dcc0_0 .net *"_s91", 0 0, L_0x5653715a2200;  1 drivers
v0x56537159dda0_0 .net *"_s92", 0 0, L_0x5653715a22f0;  1 drivers
v0x56537159de80_0 .net *"_s95", 0 0, L_0x5653715a2500;  1 drivers
v0x56537159df60_0 .net *"_s96", 0 0, L_0x5653715a26c0;  1 drivers
v0x56537159e040_0 .net *"_s99", 0 0, L_0x5653715a2800;  1 drivers
v0x56537159e120_0 .net "address", 31 0, v0x56537159e8f0_0;  1 drivers
v0x56537159e610 .array "instrmem", 0 1023, 31 0;
v0x56537159e6d0_0 .net "instruction", 31 0, L_0x5653715a3bb0;  alias, 1 drivers
v0x56537159e7b0_0 .var "temp", 31 0;
E_0x565371559a10 .event edge, v0x56537159e120_0;
L_0x56537159eba0 .part v0x56537159e7b0_0, 0, 1;
L_0x56537159ee00 .part v0x56537159e7b0_0, 1, 1;
L_0x56537159f050 .part v0x56537159e7b0_0, 2, 1;
L_0x56537159f2b0 .part v0x56537159e7b0_0, 3, 1;
L_0x56537159f4c0 .part v0x56537159e7b0_0, 4, 1;
L_0x56537159f730 .part v0x56537159e7b0_0, 5, 1;
L_0x56537159f970 .part v0x56537159e7b0_0, 6, 1;
L_0x56537159fbc0 .part v0x56537159e7b0_0, 7, 1;
L_0x56537159fe40 .part v0x56537159e7b0_0, 8, 1;
L_0x5653715a00d0 .part v0x56537159e7b0_0, 9, 1;
L_0x5653715a02c0 .part v0x56537159e7b0_0, 10, 1;
L_0x5653715a0560 .part v0x56537159e7b0_0, 11, 1;
L_0x5653715a0800 .part v0x56537159e7b0_0, 12, 1;
L_0x5653715a0ab0 .part v0x56537159e7b0_0, 13, 1;
L_0x5653715a0cf0 .part v0x56537159e7b0_0, 14, 1;
L_0x5653715a0f40 .part v0x56537159e7b0_0, 15, 1;
L_0x5653715a1200 .part v0x56537159e7b0_0, 16, 1;
L_0x5653715a14d0 .part v0x56537159e7b0_0, 17, 1;
L_0x5653715a17a0 .part v0x56537159e7b0_0, 18, 1;
L_0x5653715a1430 .part v0x56537159e7b0_0, 19, 1;
L_0x5653715a15c0 .part v0x56537159e7b0_0, 20, 1;
L_0x5653715a1f10 .part v0x56537159e7b0_0, 21, 1;
L_0x5653715a2200 .part v0x56537159e7b0_0, 22, 1;
L_0x5653715a2500 .part v0x56537159e7b0_0, 23, 1;
L_0x5653715a2800 .part v0x56537159e7b0_0, 24, 1;
L_0x5653715a2b10 .part v0x56537159e7b0_0, 25, 1;
L_0x5653715a2e20 .part v0x56537159e7b0_0, 26, 1;
L_0x5653715a3140 .part v0x56537159e7b0_0, 27, 1;
L_0x5653715a3460 .part v0x56537159e7b0_0, 28, 1;
L_0x5653715a3790 .part v0x56537159e7b0_0, 29, 1;
L_0x5653715a3ac0 .part v0x56537159e7b0_0, 30, 1;
LS_0x5653715a3bb0_0_0 .concat8 [ 1 1 1 1], L_0x56537159ea80, L_0x56537159ec90, L_0x56537159ef40, L_0x56537159f140;
LS_0x5653715a3bb0_0_4 .concat8 [ 1 1 1 1], L_0x56537159f3d0, L_0x56537159f5b0, L_0x56537159f860, L_0x56537159fa60;
LS_0x5653715a3bb0_0_8 .concat8 [ 1 1 1 1], L_0x56537159fd00, L_0x56537159ff30, L_0x5653715a01d0, L_0x5653715a03b0;
LS_0x5653715a3bb0_0_12 .concat8 [ 1 1 1 1], L_0x5653715a06c0, L_0x5653715a08f0, L_0x5653715a0650, L_0x5653715a04f0;
LS_0x5653715a3bb0_0_16 .concat8 [ 1 1 1 1], L_0x5653715a10c0, L_0x5653715a12f0, L_0x5653715a1660, L_0x5653715a1890;
LS_0x5653715a3bb0_0_20 .concat8 [ 1 1 1 1], L_0x5653715a1b80, L_0x5653715a1d10, L_0x5653715a20c0, L_0x5653715a22f0;
LS_0x5653715a3bb0_0_24 .concat8 [ 1 1 1 1], L_0x5653715a26c0, L_0x5653715a28f0, L_0x5653715a2ce0, L_0x5653715a2f10;
LS_0x5653715a3bb0_0_28 .concat8 [ 1 1 1 1], L_0x5653715a3320, L_0x5653715a3550, L_0x5653715a3980, L_0x5653715a4760;
LS_0x5653715a3bb0_1_0 .concat8 [ 4 4 4 4], LS_0x5653715a3bb0_0_0, LS_0x5653715a3bb0_0_4, LS_0x5653715a3bb0_0_8, LS_0x5653715a3bb0_0_12;
LS_0x5653715a3bb0_1_4 .concat8 [ 4 4 4 4], LS_0x5653715a3bb0_0_16, LS_0x5653715a3bb0_0_20, LS_0x5653715a3bb0_0_24, LS_0x5653715a3bb0_0_28;
L_0x5653715a3bb0 .concat8 [ 16 16 0 0], LS_0x5653715a3bb0_1_0, LS_0x5653715a3bb0_1_4;
L_0x5653715a49d0 .part v0x56537159e7b0_0, 31, 1;
    .scope S_0x56537157afe0;
T_0 ;
    %wait E_0x565371559a10;
    %load/vec4 v0x56537159e120_0;
    %pushi/vec4 4, 0, 32;
    %div;
    %ix/vec4 4;
    %load/vec4a v0x56537159e610, 4;
    %store/vec4 v0x56537159e7b0_0, 0, 32;
    %jmp T_0;
    .thread T_0, $push;
    .scope S_0x56537157afe0;
T_1 ;
    %vpi_call 2 49 "$readmemb", "instr.txt", v0x56537159e610 {0 0 0};
    %end;
    .thread T_1;
    .scope S_0x56537157ae60;
T_2 ;
    %vpi_call 2 64 "$monitor", "Mem Address=%h instruction=%b", v0x56537159e8f0_0, v0x56537159e9b0_0 {0 0 0};
    %pushi/vec4 0, 0, 32;
    %store/vec4 v0x56537159e8f0_0, 0, 32;
    %delay 100000, 0;
    %pushi/vec4 4, 0, 32;
    %store/vec4 v0x56537159e8f0_0, 0, 32;
    %delay 100000, 0;
    %pushi/vec4 8, 0, 32;
    %store/vec4 v0x56537159e8f0_0, 0, 32;
    %delay 100000, 0;
    %pushi/vec4 12, 0, 32;
    %store/vec4 v0x56537159e8f0_0, 0, 32;
    %delay 100000, 0;
    %pushi/vec4 16, 0, 32;
    %store/vec4 v0x56537159e8f0_0, 0, 32;
    %delay 100000, 0;
    %pushi/vec4 20, 0, 32;
    %store/vec4 v0x56537159e8f0_0, 0, 32;
    %delay 100000, 0;
    %pushi/vec4 24, 0, 32;
    %store/vec4 v0x56537159e8f0_0, 0, 32;
    %delay 100000, 0;
    %pushi/vec4 28, 0, 32;
    %store/vec4 v0x56537159e8f0_0, 0, 32;
    %delay 100000, 0;
    %vpi_call 2 74 "$finish" {0 0 0};
    %end;
    .thread T_2;
# The file index is used to find the file name in the following table.
:file_names 3;
    "N/A";
    "<interactive>";
    "InstrMem.v";
